<?xml version="1.0" encoding="UTF-8"?>
<testsuite name="Academy Choucair" tests="1" skipped="0" failures="0" errors="0" timestamp="2021-08-04T17:15:47" hostname="DESKTOP-2TGK3KT" time="25.214">
  <properties/>
  <testcase name="Search for a automation course" classname="Academy Choucair" time="25.214"/>
  <system-out><![CDATA[]]></system-out>
  <system-err><![CDATA[[Test worker] WARN net.thucydides.core.steps.BaseStepListener - stepStarted: net.thucydides.core.steps.ExecutedStepDescription@3795002e
[Test worker] WARN net.thucydides.core.steps.BaseStepListener - stepStarted: net.thucydides.core.steps.ExecutedStepDescription@223b5029
[Test worker] WARN net.thucydides.core.steps.BaseStepListener - stepStarted: net.thucydides.core.steps.ExecutedStepDescription@5647a6b0
ago. 04, 2021 12:15:47 P. M. org.openqa.selenium.remote.DesiredCapabilities chrome
INFO: Using `new ChromeOptions()` is preferred to `DesiredCapabilities.chrome()`
[Test worker] INFO net.serenitybdd.core.webdriver.driverproviders.ProvideNewDriver - Instantiating driver
[Test worker] INFO net.serenitybdd.core.webdriver.driverproviders.ProvideNewDriver - Driver capabilities: Capabilities {acceptInsecureCerts: false, browserName: chrome, chrome.switches: --start-maximized, goog:chromeOptions: {args: [--start-maximized], extensions: []}, loggingPrefs: org.openqa.selenium.logging..., platform: ANY, version: }
Starting ChromeDriver 92.0.4515.107 (87a818b10553a07434ea9e2b6dccf3cbe7895134-refs/branch-heads/4515@{#1634}) on port 31835
Only local connections are allowed.
Please see https://chromedriver.chromium.org/security-considerations for suggestions on keeping ChromeDriver safe.
ChromeDriver was started successfully.
ago. 04, 2021 12:15:50 P. M. org.openqa.selenium.remote.ProtocolHandshake createSession
INFO: Detected dialect: W3C
[Test worker] WARN net.thucydides.core.steps.BaseStepListener - stepFinished: current outcome:Search for a automation course:Example: {strUser=1102885609, strPassword=Choucair2021*, strCourse=Metodología Bancolombia} [Given than brandon wants to learn automation at the academy Choucair
| strUser | strPassword |
| 1102885609 | Choucair2021* | [Brandon open up [Brandon opens the Choucair academy page]]]
[Test worker] WARN net.thucydides.core.steps.BaseStepListener - stepFinished: current outcome:Search for a automation course:Example: {strUser=1102885609, strPassword=Choucair2021*, strCourse=Metodología Bancolombia} [Given than brandon wants to learn automation at the academy Choucair
| strUser | strPassword |
| 1102885609 | Choucair2021* | [Brandon open up [Brandon opens the Choucair academy page]]]
[Test worker] WARN net.thucydides.core.steps.BaseStepListener - stepStarted: net.thucydides.core.steps.ExecutedStepDescription@6be9b0c3
[Test worker] WARN net.thucydides.core.steps.BaseStepListener - stepStarted: net.thucydides.core.steps.ExecutedStepDescription@37ae1cc2
[Test worker] WARN net.thucydides.core.steps.BaseStepListener - stepFinished: current outcome:Search for a automation course:Example: {strUser=1102885609, strPassword=Choucair2021*, strCourse=Metodología Bancolombia} [Given than brandon wants to learn automation at the academy Choucair
| strUser | strPassword |
| 1102885609 | Choucair2021* | [Brandon open up [Brandon opens the Choucair academy page], Brandon login [Brandon clicks on button that show us the form to login]]]
[Test worker] WARN net.thucydides.core.steps.BaseStepListener - stepStarted: net.thucydides.core.steps.ExecutedStepDescription@159b8eeb
[Test worker] WARN net.thucydides.core.steps.BaseStepListener - stepFinished: current outcome:Search for a automation course:Example: {strUser=1102885609, strPassword=Choucair2021*, strCourse=Metodología Bancolombia} [Given than brandon wants to learn automation at the academy Choucair
| strUser | strPassword |
| 1102885609 | Choucair2021* | [Brandon open up [Brandon opens the Choucair academy page], Brandon login [Brandon clicks on button that show us the form to login, Brandon enters '1102885609' into where do we write the user]]]
[Test worker] WARN net.thucydides.core.steps.BaseStepListener - stepStarted: net.thucydides.core.steps.ExecutedStepDescription@245fda1f
[Test worker] WARN net.thucydides.core.steps.BaseStepListener - stepFinished: current outcome:Search for a automation course:Example: {strUser=1102885609, strPassword=Choucair2021*, strCourse=Metodología Bancolombia} [Given than brandon wants to learn automation at the academy Choucair
| strUser | strPassword |
| 1102885609 | Choucair2021* | [Brandon open up [Brandon opens the Choucair academy page], Brandon login [Brandon clicks on button that show us the form to login, Brandon enters '1102885609' into where do we write the user, Brandon enters 'Choucair2021*' into where do we write the password]]]
[Test worker] WARN net.thucydides.core.steps.BaseStepListener - stepStarted: net.thucydides.core.steps.ExecutedStepDescription@7eb2f3f8
[Test worker] WARN net.thucydides.core.steps.BaseStepListener - stepFinished: current outcome:Search for a automation course:Example: {strUser=1102885609, strPassword=Choucair2021*, strCourse=Metodología Bancolombia} [Given than brandon wants to learn automation at the academy Choucair
| strUser | strPassword |
| 1102885609 | Choucair2021* | [Brandon open up [Brandon opens the Choucair academy page], Brandon login [Brandon clicks on button that show us the form to login, Brandon enters '1102885609' into where do we write the user, Brandon enters 'Choucair2021*' into where do we write the password, Brandon clicks on button to confirm login]]]
[Test worker] WARN net.thucydides.core.steps.BaseStepListener - stepFinished: current outcome:Search for a automation course:Example: {strUser=1102885609, strPassword=Choucair2021*, strCourse=Metodología Bancolombia} [Given than brandon wants to learn automation at the academy Choucair
| strUser | strPassword |
| 1102885609 | Choucair2021* | [Brandon open up [Brandon opens the Choucair academy page], Brandon login [Brandon clicks on button that show us the form to login, Brandon enters '1102885609' into where do we write the user, Brandon enters 'Choucair2021*' into where do we write the password, Brandon clicks on button to confirm login]]]
[Test worker] WARN net.thucydides.core.steps.BaseStepListener - stepFinished: current outcome:Search for a automation course:Example: {strUser=1102885609, strPassword=Choucair2021*, strCourse=Metodología Bancolombia} [Given than brandon wants to learn automation at the academy Choucair
| strUser | strPassword |
| 1102885609 | Choucair2021* | [Brandon open up [Brandon opens the Choucair academy page], Brandon login [Brandon clicks on button that show us the form to login, Brandon enters '1102885609' into where do we write the user, Brandon enters 'Choucair2021*' into where do we write the password, Brandon clicks on button to confirm login]]]
[Test worker] WARN net.thucydides.core.steps.BaseStepListener - stepStarted: net.thucydides.core.steps.ExecutedStepDescription@40e6af03
[Test worker] WARN net.thucydides.core.steps.BaseStepListener - stepStarted: net.thucydides.core.steps.ExecutedStepDescription@5c18fbfa
[Test worker] WARN net.thucydides.core.steps.BaseStepListener - stepStarted: net.thucydides.core.steps.ExecutedStepDescription@2b64e7e7
[Test worker] WARN net.thucydides.core.steps.BaseStepListener - stepFinished: current outcome:Search for a automation course:Example: {strUser=1102885609, strPassword=Choucair2021*, strCourse=Metodología Bancolombia} [Given than brandon wants to learn automation at the academy Choucair
| strUser | strPassword |
| 1102885609 | Choucair2021* | [Brandon open up [Brandon opens the Choucair academy page], Brandon login [Brandon clicks on button that show us the form to login, Brandon enters '1102885609' into where do we write the user, Brandon enters 'Choucair2021*' into where do we write the password, Brandon clicks on button to confirm login]], When he search for the course on the choucair academy platform
| strCourse |
| Metodología Bancolombia | [Brandon search [Brandon clicks on Selecciona Cursos y certificados]]]
[Test worker] WARN net.thucydides.core.steps.BaseStepListener - stepStarted: net.thucydides.core.steps.ExecutedStepDescription@5cb3abd
[Test worker] WARN net.thucydides.core.steps.BaseStepListener - stepFinished: current outcome:Search for a automation course:Example: {strUser=1102885609, strPassword=Choucair2021*, strCourse=Metodología Bancolombia} [Given than brandon wants to learn automation at the academy Choucair
| strUser | strPassword |
| 1102885609 | Choucair2021* | [Brandon open up [Brandon opens the Choucair academy page], Brandon login [Brandon clicks on button that show us the form to login, Brandon enters '1102885609' into where do we write the user, Brandon enters 'Choucair2021*' into where do we write the password, Brandon clicks on button to confirm login]], When he search for the course on the choucair academy platform
| strCourse |
| Metodología Bancolombia | [Brandon search [Brandon clicks on Selecciona Cursos y certificados, Brandon enters 'Metodología Bancolombia' into Busca el curso]]]
[Test worker] WARN net.thucydides.core.steps.BaseStepListener - stepStarted: net.thucydides.core.steps.ExecutedStepDescription@4e42c59b
[Test worker] WARN net.thucydides.core.steps.BaseStepListener - stepFinished: current outcome:Search for a automation course:Example: {strUser=1102885609, strPassword=Choucair2021*, strCourse=Metodología Bancolombia} [Given than brandon wants to learn automation at the academy Choucair
| strUser | strPassword |
| 1102885609 | Choucair2021* | [Brandon open up [Brandon opens the Choucair academy page], Brandon login [Brandon clicks on button that show us the form to login, Brandon enters '1102885609' into where do we write the user, Brandon enters 'Choucair2021*' into where do we write the password, Brandon clicks on button to confirm login]], When he search for the course on the choucair academy platform
| strCourse |
| Metodología Bancolombia | [Brandon search [Brandon clicks on Selecciona Cursos y certificados, Brandon enters 'Metodología Bancolombia' into Busca el curso, Brandon clicks on Click on button Go]]]
[Test worker] WARN net.thucydides.core.steps.BaseStepListener - stepStarted: net.thucydides.core.steps.ExecutedStepDescription@37d129b4
[Test worker] WARN net.thucydides.core.steps.BaseStepListener - stepFinished: current outcome:Search for a automation course:Example: {strUser=1102885609, strPassword=Choucair2021*, strCourse=Metodología Bancolombia} [Given than brandon wants to learn automation at the academy Choucair
| strUser | strPassword |
| 1102885609 | Choucair2021* | [Brandon open up [Brandon opens the Choucair academy page], Brandon login [Brandon clicks on button that show us the form to login, Brandon enters '1102885609' into where do we write the user, Brandon enters 'Choucair2021*' into where do we write the password, Brandon clicks on button to confirm login]], When he search for the course on the choucair academy platform
| strCourse |
| Metodología Bancolombia | [Brandon search [Brandon clicks on Selecciona Cursos y certificados, Brandon enters 'Metodología Bancolombia' into Busca el curso, Brandon clicks on Click on button Go, Brandon clicks on Metodologia Bancolombia]]]
[Test worker] WARN net.thucydides.core.steps.BaseStepListener - stepFinished: current outcome:Search for a automation course:Example: {strUser=1102885609, strPassword=Choucair2021*, strCourse=Metodología Bancolombia} [Given than brandon wants to learn automation at the academy Choucair
| strUser | strPassword |
| 1102885609 | Choucair2021* | [Brandon open up [Brandon opens the Choucair academy page], Brandon login [Brandon clicks on button that show us the form to login, Brandon enters '1102885609' into where do we write the user, Brandon enters 'Choucair2021*' into where do we write the password, Brandon clicks on button to confirm login]], When he search for the course on the choucair academy platform
| strCourse |
| Metodología Bancolombia | [Brandon search [Brandon clicks on Selecciona Cursos y certificados, Brandon enters 'Metodología Bancolombia' into Busca el curso, Brandon clicks on Click on button Go, Brandon clicks on Metodologia Bancolombia]]]
[Test worker] WARN net.thucydides.core.steps.BaseStepListener - stepFinished: current outcome:Search for a automation course:Example: {strUser=1102885609, strPassword=Choucair2021*, strCourse=Metodología Bancolombia} [Given than brandon wants to learn automation at the academy Choucair
| strUser | strPassword |
| 1102885609 | Choucair2021* | [Brandon open up [Brandon opens the Choucair academy page], Brandon login [Brandon clicks on button that show us the form to login, Brandon enters '1102885609' into where do we write the user, Brandon enters 'Choucair2021*' into where do we write the password, Brandon clicks on button to confirm login]], When he search for the course on the choucair academy platform
| strCourse |
| Metodología Bancolombia | [Brandon search [Brandon clicks on Selecciona Cursos y certificados, Brandon enters 'Metodología Bancolombia' into Busca el curso, Brandon clicks on Click on button Go, Brandon clicks on Metodologia Bancolombia]]]
[Test worker] WARN net.thucydides.core.steps.BaseStepListener - stepStarted: net.thucydides.core.steps.ExecutedStepDescription@72ee5145
[Test worker] WARN net.thucydides.core.steps.BaseStepListener - stepStarted: net.thucydides.core.steps.ExecutedStepDescription@e97c4b4
[Test worker] WARN net.thucydides.core.steps.BaseStepListener - stepFinished: current outcome:Search for a automation course:Example: {strUser=1102885609, strPassword=Choucair2021*, strCourse=Metodología Bancolombia} [Given than brandon wants to learn automation at the academy Choucair
| strUser | strPassword |
| 1102885609 | Choucair2021* | [Brandon open up [Brandon opens the Choucair academy page], Brandon login [Brandon clicks on button that show us the form to login, Brandon enters '1102885609' into where do we write the user, Brandon enters 'Choucair2021*' into where do we write the password, Brandon clicks on button to confirm login]], When he search for the course on the choucair academy platform
| strCourse |
| Metodología Bancolombia | [Brandon search [Brandon clicks on Selecciona Cursos y certificados, Brandon enters 'Metodología Bancolombia' into Busca el curso, Brandon clicks on Click on button Go, Brandon clicks on Metodologia Bancolombia]], Then he finds the course called
| strCourse |
| Metodología Bancolombia | [Then answer]]
[Test worker] WARN net.thucydides.core.steps.BaseStepListener - stepFinished: current outcome:Search for a automation course:Example: {strUser=1102885609, strPassword=Choucair2021*, strCourse=Metodología Bancolombia} [Given than brandon wants to learn automation at the academy Choucair
| strUser | strPassword |
| 1102885609 | Choucair2021* | [Brandon open up [Brandon opens the Choucair academy page], Brandon login [Brandon clicks on button that show us the form to login, Brandon enters '1102885609' into where do we write the user, Brandon enters 'Choucair2021*' into where do we write the password, Brandon clicks on button to confirm login]], When he search for the course on the choucair academy platform
| strCourse |
| Metodología Bancolombia | [Brandon search [Brandon clicks on Selecciona Cursos y certificados, Brandon enters 'Metodología Bancolombia' into Busca el curso, Brandon clicks on Click on button Go, Brandon clicks on Metodologia Bancolombia]], Then he finds the course called
| strCourse |
| Metodología Bancolombia | [Then answer]]
[Test worker] WARN net.thucydides.core.steps.BaseStepListener - stepFinished: current outcome:Search for a automation course:Example: {strUser=1102885609, strPassword=Choucair2021*, strCourse=Metodología Bancolombia} [Given than brandon wants to learn automation at the academy Choucair
| strUser | strPassword |
| 1102885609 | Choucair2021* | [Brandon open up [Brandon opens the Choucair academy page], Brandon login [Brandon clicks on button that show us the form to login, Brandon enters '1102885609' into where do we write the user, Brandon enters 'Choucair2021*' into where do we write the password, Brandon clicks on button to confirm login]], When he search for the course on the choucair academy platform
| strCourse |
| Metodología Bancolombia | [Brandon search [Brandon clicks on Selecciona Cursos y certificados, Brandon enters 'Metodología Bancolombia' into Busca el curso, Brandon clicks on Click on button Go, Brandon clicks on Metodologia Bancolombia]], Then he finds the course called
| strCourse |
| Metodología Bancolombia | [Then answer]]
[Test worker] WARN net.thucydides.core.steps.BaseStepListener - testFinished: Search for a automation course:Example: {strUser=1102885609, strPassword=Choucair2021*, strCourse=Metodología Bancolombia} [Given than brandon wants to learn automation at the academy Choucair
| strUser | strPassword |
| 1102885609 | Choucair2021* | [Brandon open up [Brandon opens the Choucair academy page], Brandon login [Brandon clicks on button that show us the form to login, Brandon enters '1102885609' into where do we write the user, Brandon enters 'Choucair2021*' into where do we write the password, Brandon clicks on button to confirm login]], When he search for the course on the choucair academy platform
| strCourse |
| Metodología Bancolombia | [Brandon search [Brandon clicks on Selecciona Cursos y certificados, Brandon enters 'Metodología Bancolombia' into Busca el curso, Brandon clicks on Click on button Go, Brandon clicks on Metodologia Bancolombia]], Then he finds the course called
| strCourse |
| Metodología Bancolombia | [Then answer]]
[Test worker] WARN net.thucydides.core.steps.BaseStepListener - TestOutcomes: [Search for a automation course:Example: {strUser=1102885609, strPassword=Choucair2021*, strCourse=Metodología Bancolombia} [Given than brandon wants to learn automation at the academy Choucair
| strUser | strPassword |
| 1102885609 | Choucair2021* | [Brandon open up [Brandon opens the Choucair academy page], Brandon login [Brandon clicks on button that show us the form to login, Brandon enters '1102885609' into where do we write the user, Brandon enters 'Choucair2021*' into where do we write the password, Brandon clicks on button to confirm login]], When he search for the course on the choucair academy platform
| strCourse |
| Metodología Bancolombia | [Brandon search [Brandon clicks on Selecciona Cursos y certificados, Brandon enters 'Metodología Bancolombia' into Busca el curso, Brandon clicks on Click on button Go, Brandon clicks on Metodologia Bancolombia]], Then he finds the course called
| strCourse |
| Metodología Bancolombia | [Then answer]]]
[Test worker] WARN net.thucydides.core.steps.BaseStepListener - Final testOutcomes: [Search for a automation course:Example: {strUser=1102885609, strPassword=Choucair2021*, strCourse=Metodología Bancolombia} [Given than brandon wants to learn automation at the academy Choucair
| strUser | strPassword |
| 1102885609 | Choucair2021* | [Brandon open up [Brandon opens the Choucair academy page], Brandon login [Brandon clicks on button that show us the form to login, Brandon enters '1102885609' into where do we write the user, Brandon enters 'Choucair2021*' into where do we write the password, Brandon clicks on button to confirm login]], When he search for the course on the choucair academy platform
| strCourse |
| Metodología Bancolombia | [Brandon search [Brandon clicks on Selecciona Cursos y certificados, Brandon enters 'Metodología Bancolombia' into Busca el curso, Brandon clicks on Click on button Go, Brandon clicks on Metodologia Bancolombia]], Then he finds the course called
| strCourse |
| Metodología Bancolombia | [Then answer]]]
[Test worker] INFO net.thucydides.core.steps.ConsoleLoggingListener - 
        __    _____ _____ ____ _____   ____   _    ____  ____  _____ ____  
  _     \ \  |_   _| ____/ ___|_   _| |  _ \ / \  / ___|/ ___|| ____|  _ \ 
 (_)_____| |   | | |  _| \___ \ | |   | |_) / _ \ \___ \\___ \|  _| | | | |
  _|_____| |   | | | |___ ___) || |   |  __/ ___ \ ___) |___) | |___| |_| |
 (_)     | |   |_| |_____|____/ |_|   |_| /_/   \_\____/|____/|_____|____/ 
        /_/                                                                

TEST PASSED: Search for a automation course
----------------------------------------------------------------------------
]]></system-err>
</testsuite>
